> initializing...
> initialized.
> listening on port:80
Wenku > Found local cookies!
Downloader > Reading task list..
> Local book list exists, reading..
Wenku > Read data.
Wenku > Logging with local cookies.
Wenku > User has logged in.
> Client requesting book id:1657
> Client requesting book id:1657
> Client requesting book id:2017
> Book list saved.
> Client requesting book id:2017
Downloader > Downloading binary file..
Downloader > New task queued and start downloading: http://img.wenku8.com/image/2/2017/2017s.jpg
Downloader > task file saved to local.
Downloader > file saved to: ./data/books/2017/image.jpg
Downloader > task file saved to local.
TimedJobs > Saving book list...
> Book list saved.
> Getting book: [2017/0] content.
Downloader > New task queued and start downloading: http://dl.wenku8.com/packtxt.php?aid=2017&vid=71363&charset=utf-8
Downloader > task file saved to local.
200
Downloader > Start downloading.
Downloader > Finished download : http://dl.wenku8.com/packtxt.php?aid=2017&vid=71363&charset=utf-8
Downloader > file saved.
Downloader > task file saved to local.
TimedJobs > Saving book list...
> Book list saved.
TimedJobs > Saving book list...
> Book list saved.
TimedJobs > Saving book list...
> Book list saved.
TimedJobs > Saving book list...
> Book list saved.
TimedJobs > Saving book list...
> Book list saved.
TimedJobs > Saving book list...
> Book list saved.
TimedJobs > Saving book list...
> Book list saved.
TimedJobs > Saving book list...
> Book list saved.
TimedJobs > Saving book list...
> Book list saved.
TimedJobs > Saving book list...
> Book list saved.
TimedJobs > Saving book list...
> Book list saved.
TimedJobs > Saving book list...
> Book list saved.
> Client requesting book id:1657
> Client requesting book id:1657
TimedJobs > Saving book list...
> Book list saved.
> Getting book: [1657/0] content.
> Getting book: [1657/1] content.
> Getting book: [1657/2] content.
> Getting book: [1657/3] content.
> Client requesting book id:1999
> Book list saved.
> Client requesting book id:1999
Downloader > Downloading binary file..
Downloader > New task queued and start downloading: http://img.wenku8.com/image/1/1999/1999s.jpg
Downloader > task file saved to local.
Downloader > file saved to: ./data/books/1999/image.jpg
Downloader > task file saved to local.
> Client requesting book id:2000
> Book list saved.
> Client requesting book id:2000
Downloader > Downloading binary file..
Downloader > New task queued and start downloading: http://img.wenku8.com/image/2/2000/2000s.jpg
Downloader > task file saved to local.
Downloader > file saved to: ./data/books/2000/image.jpg
Downloader > task file saved to local.
> Client requesting book id:2001
> Book list saved.
> Client requesting book id:2001
Downloader > Downloading binary file..
Downloader > New task queued and start downloading: http://img.wenku8.com/image/2/2001/2001s.jpg
Downloader > task file saved to local.
Downloader > file saved to: ./data/books/2001/image.jpg
Downloader > task file saved to local.
> Client requesting book id:2002
> Book list saved.
> Client requesting book id:2002
Downloader > Downloading binary file..
Downloader > New task queued and start downloading: http://img.wenku8.com/image/2/2002/2002s.jpg
Downloader > task file saved to local.
Downloader > file saved to: ./data/books/2002/image.jpg
Downloader > task file saved to local.
> Client requesting book id:2003
> Book list saved.
> Client requesting book id:2003
Downloader > Downloading binary file..
Downloader > New task queued and start downloading: http://img.wenku8.com/image/2/2003/2003s.jpg
Downloader > task file saved to local.
Downloader > file saved to: ./data/books/2003/image.jpg
Downloader > task file saved to local.
> Client requesting book id:2004
> Book list saved.
> Client requesting book id:2004
Downloader > Downloading binary file..
Downloader > New task queued and start downloading: http://img.wenku8.com/image/2/2004/2004s.jpg
Downloader > task file saved to local.
Downloader > file saved to: ./data/books/2004/image.jpg
Downloader > task file saved to local.
> Client requesting book id:2005
> Book list saved.
> Client requesting book id:2005
Downloader > Downloading binary file..
Downloader > New task queued and start downloading: http://img.wenku8.com/image/2/2005/2005s.jpg
Downloader > task file saved to local.
Downloader > file saved to: ./data/books/2005/image.jpg
Downloader > task file saved to local.
> Client requesting book id:2016
> Book list saved.
> Client requesting book id:2016
Downloader > Downloading binary file..
Downloader > New task queued and start downloading: http://img.wenku8.com/image/2/2016/2016s.jpg
Downloader > task file saved to local.
Downloader > file saved to: ./data/books/2016/image.jpg
Downloader > task file saved to local.
> Client requesting book id:2017
> Client requesting book id:2017
> Client requesting book id:2018
> Book list saved.
> Client requesting book id:2018
Downloader > Downloading binary file..
Downloader > New task queued and start downloading: http://img.wenku8.com/image/2/2018/2018s.jpg
Downloader > task file saved to local.
Downloader > file saved to: ./data/books/2018/image.jpg
Downloader > task file saved to local.
> Client requesting book id:2019
> Book list saved.
> Client requesting book id:2019
Downloader > Downloading binary file..
Downloader > New task queued and start downloading: http://img.wenku8.com/image/2/2019/2019s.jpg
Downloader > task file saved to local.
Downloader > file saved to: ./data/books/2019/image.jpg
Downloader > task file saved to local.
> Getting book: [2019/0] content.
Downloader > New task queued and start downloading: http://dl.wenku8.com/packtxt.php?aid=2019&vid=71402&charset=utf-8
Downloader > task file saved to local.
200
Downloader > Start downloading.
Downloader > Finished download : http://dl.wenku8.com/packtxt.php?aid=2019&vid=71402&charset=utf-8
Downloader > file saved.
Downloader > task file saved to local.
> Getting book: [2019/1] content.
Downloader > New task queued and start downloading: http://dl.wenku8.com/packtxt.php?aid=2019&vid=71446&charset=utf-8
Downloader > task file saved to local.
200
Downloader > Start downloading.
Downloader > Finished download : http://dl.wenku8.com/packtxt.php?aid=2019&vid=71446&charset=utf-8
Downloader > file saved.
Downloader > task file saved to local.
> Getting book: [2019/1] content.
> Book id:[2019] doesnt exist!
TimedJobs > Saving book list...
> Book list saved.
TimedJobs > Saving book list...
> Book list saved.
TimedJobs > Saving book list...
> Book list saved.
TimedJobs > Saving book list...
> Book list saved.
TimedJobs > Saving book list...
> Book list saved.
TimedJobs > Saving book list...
> Book list saved.
> Client requesting book id:1666
> Book list saved.
> Client requesting book id:1666
Downloader > Downloading binary file..
Downloader > New task queued and start downloading: http://img.wenku8.com/image/1/1666/1666s.jpg
Downloader > task file saved to local.
Downloader > file saved to: ./data/books/1666/image.jpg
Downloader > task file saved to local.
> Client requesting book id:1650
> Book list saved.
> Client requesting book id:1650
Downloader > Downloading binary file..
Downloader > New task queued and start downloading: http://img.wenku8.com/image/1/1650/1650s.jpg
Downloader > task file saved to local.
Downloader > file saved to: ./data/books/1650/image.jpg
Downloader > task file saved to local.
> Getting book: [1650/0] content.
Downloader > New task queued and start downloading: http://dl.wenku8.com/packtxt.php?aid=1650&vid=55854&charset=utf-8
Downloader > task file saved to local.
200
Downloader > Start downloading.
Downloader > Finished download : http://dl.wenku8.com/packtxt.php?aid=1650&vid=55854&charset=utf-8
Downloader > file saved.
Downloader > task file saved to local.
TimedJobs > Saving book list...
> Book list saved.
TimedJobs > Saving book list...
> Book list saved.
TimedJobs > Saving book list...
> Book list saved.
TimedJobs > Saving book list...
> Book list saved.
TimedJobs > Saving book list...
> Book list saved.
TimedJobs > Saving book list...
> Book list saved.
TimedJobs > Saving book list...
> Book list saved.
TimedJobs > Saving book list...
> Book list saved.
TimedJobs > Saving book list...
> Book list saved.
TimedJobs > Saving book list...
> Book list saved.
TimedJobs > Saving book list...
> Book list saved.
TimedJobs > Saving book list...
> Book list saved.
TimedJobs > Saving book list...
> Book list saved.
TimedJobs > Saving book list...
> Book list saved.
TimedJobs > Saving book list...
> Book list saved.
TimedJobs > Saving book list...
> Book list saved.
TimedJobs > Saving book list...
> Book list saved.
TimedJobs > Saving book list...
> Book list saved.
TimedJobs > Saving book list...
> Book list saved.
TimedJobs > Saving book list...
> Book list saved.
TimedJobs > Saving book list...
> Book list saved.
TimedJobs > Saving book list...
> Book list saved.
TimedJobs > Saving book list...
> Book list saved.
TimedJobs > Saving book list...
> Book list saved.
TimedJobs > Saving book list...
> Book list saved.
TimedJobs > Saving book list...
> Book list saved.
TimedJobs > Saving book list...
> Book list saved.
TimedJobs > Saving book list...
> Book list saved.
TimedJobs > Saving book list...
> Book list saved.
TimedJobs > Saving book list...
> Book list saved.
TimedJobs > Saving book list...
> Book list saved.
TimedJobs > Saving book list...
> Book list saved.
TimedJobs > Saving book list...
> Book list saved.
TimedJobs > Saving book list...
> Book list saved.
TimedJobs > Saving book list...
> Book list saved.
TimedJobs > Saving book list...
> Book list saved.
TimedJobs > Saving book list...
> Book list saved.
TimedJobs > Saving book list...
> Book list saved.
TimedJobs > Saving book list...
> Book list saved.
TimedJobs > Saving book list...
> Book list saved.
TimedJobs > Saving book list...
> Book list saved.
TimedJobs > Saving book list...
> Book list saved.
TimedJobs > Saving book list...
> Book list saved.
TimedJobs > Saving book list...
> Book list saved.
TimedJobs > Saving book list...
> Book list saved.
TimedJobs > Saving book list...
> Book list saved.
TimedJobs > Saving book list...
> Book list saved.
TimedJobs > Saving book list...
> Book list saved.
TimedJobs > Saving book list...
> Book list saved.
TimedJobs > Saving book list...
> Book list saved.
TimedJobs > Saving book list...
> Book list saved.
TimedJobs > Saving book list...
> Book list saved.
TimedJobs > Saving book list...
> Book list saved.
TimedJobs > Saving book list...
> Book list saved.
TimedJobs > Saving book list...
> Book list saved.
TimedJobs > Saving book list...
> Book list saved.
TimedJobs > Saving book list...
> Book list saved.
TimedJobs > Saving book list...
> Book list saved.
TimedJobs > Saving book list...
> Book list saved.
TimedJobs > Saving book list...
> Book list saved.
TimedJobs > Saving book list...
> Book list saved.
TimedJobs > Saving book list...
> Book list saved.
TimedJobs > Saving book list...
> Book list saved.
TimedJobs > Saving book list...
> Book list saved.
TimedJobs > Saving book list...
> Book list saved.
TimedJobs > Saving book list...
> Book list saved.
TimedJobs > Saving book list...
> Book list saved.
TimedJobs > Saving book list...
> Book list saved.
TimedJobs > Saving book list...
> Book list saved.
TimedJobs > Saving book list...
> Book list saved.
TimedJobs > Saving book list...
> Book list saved.
TimedJobs > Saving book list...
> Book list saved.
TimedJobs > Saving book list...
> Book list saved.
TimedJobs > Saving book list...
> Book list saved.
TimedJobs > Saving book list...
> Book list saved.
TimedJobs > Saving book list...
> Book list saved.
TimedJobs > Saving book list...
> Book list saved.
TimedJobs > Saving book list...
> Book list saved.
TimedJobs > Saving book list...
> Book list saved.
TimedJobs > Saving book list...
> Book list saved.
TimedJobs > Saving book list...
> Book list saved.
TimedJobs > Saving book list...
> Book list saved.
TimedJobs > Saving book list...
> Book list saved.
TimedJobs > Saving book list...
> Book list saved.
TimedJobs > Saving book list...
> Book list saved.
TimedJobs > Saving book list...
> Book list saved.
TimedJobs > Saving book list...
> Book list saved.
TimedJobs > Saving book list...
> Book list saved.
TimedJobs > Saving book list...
> Book list saved.
TimedJobs > Saving book list...
> Book list saved.
TimedJobs > Saving book list...
> Book list saved.
TimedJobs > Saving book list...
> Book list saved.
TimedJobs > Saving book list...
> Book list saved.
TimedJobs > Saving book list...
> Book list saved.
TimedJobs > Saving book list...
> Book list saved.
TimedJobs > Saving book list...
> Book list saved.
TimedJobs > Saving book list...
> Book list saved.
TimedJobs > Saving book list...
> Book list saved.
TimedJobs > Saving book list...
> Book list saved.
TimedJobs > Saving book list...
> Book list saved.
TimedJobs > Saving book list...
> Book list saved.
TimedJobs > Saving book list...
> Book list saved.
TimedJobs > Saving book list...
> Book list saved.
TimedJobs > Saving book list...
> Book list saved.
TimedJobs > Saving book list...
> Book list saved.
TimedJobs > Saving book list...
> Book list saved.
TimedJobs > Saving book list...
> Book list saved.
TimedJobs > Saving book list...
> Book list saved.
TimedJobs > Saving book list...
> Book list saved.
TimedJobs > Saving book list...
> Book list saved.
TimedJobs > Saving book list...
> Book list saved.
TimedJobs > Saving book list...
> Book list saved.
TimedJobs > Saving book list...
> Book list saved.
TimedJobs > Saving book list...
> Book list saved.
TimedJobs > Saving book list...
> Book list saved.
TimedJobs > Saving book list...
> Book list saved.
TimedJobs > Saving book list...
> Book list saved.
TimedJobs > Saving book list...
> Book list saved.
TimedJobs > Saving book list...
> Book list saved.
TimedJobs > Saving book list...
> Book list saved.
TimedJobs > Saving book list...
> Book list saved.
TimedJobs > Saving book list...
> Book list saved.
TimedJobs > Saving book list...
> Book list saved.
TimedJobs > Saving book list...
> Book list saved.
TimedJobs > Saving book list...
> Book list saved.
TimedJobs > Saving book list...
> Book list saved.
TimedJobs > Saving book list...
> Book list saved.
TimedJobs > Saving book list...
> Book list saved.
TimedJobs > Saving book list...
> Book list saved.
TimedJobs > Saving book list...
> Book list saved.
TimedJobs > Saving book list...
> Book list saved.
TimedJobs > Saving book list...
> Book list saved.
